
Collecting tasks from: tasks.py
=========================== Running: [96msolve_challenge[0m ===========================
Automation finished!
[96msolve_challenge[0m status: [91mFAIL
[0m[91m
Message: unknown error: cannot determine loading status
from target frame detached
  (Session info: chrome=127.0.6533.99)
Stacktrace:
#0 0x55fd09ae36aa <unknown>
#1 0x55fd097b4441 <unknown>
#2 0x55fd0979c202 <unknown>
#3 0x55fd0979a56c <unknown>
#4 0x55fd0979aa5f <unknown>
#5 0x55fd097aaaa5 <unknown>
#6 0x55fd097c0964 <unknown>
#7 0x55fd097c5ffb <unknown>
#8 0x55fd0979b16e <unknown>
#9 0x55fd097c04b1 <unknown>
#10 0x55fd098452b3 <unknown>
#11 0x55fd09826643 <unknown>
#12 0x55fd097f6d31 <unknown>
#13 0x55fd097f779e <unknown>
#14 0x55fd09aab23b <unknown>
#15 0x55fd09aaf1d2 <unknown>
#16 0x55fd09a985f5 <unknown>
#17 0x55fd09aafd62 <unknown>
#18 0x55fd09a7d23f <unknown>
#19 0x55fd09ad2e48 <unknown>
#20 0x55fd09ad3020 <unknown>
#21 0x55fd09ae247c <unknown>
#22 0x7f0f8f36fac3 <unknown>

[0m=================== Full Traceback (running [96msolve_challenge[0m) ===================
[91mTraceback (most recent call last):
  File "/home/yuri/.robocorp/holotree/3b9a35a_b1f3c24_691db988/lib/python3.10/site-packages/robocorp/tasks/_commands.py", line 453, in run
    result = task.run(**kwargs)
  File "/home/yuri/.robocorp/holotree/3b9a35a_b1f3c24_691db988/lib/python3.10/site-packages/robocorp/tasks/_task.py", line 57, in run
    return self.method(**kwargs)
  File "/home/yuri/Área de Trabalho/Thoughtful_RPA_Coding_Challenge/Thoughtful_RPA_Coding_Challenge/tasks.py", line 48, in solve_challenge
    articles_list = news_scraping.la_news_scrapper(config['search_term'],config['select_topic'], config['months'])
  File "/home/yuri/Área de Trabalho/Thoughtful_RPA_Coding_Challenge/Thoughtful_RPA_Coding_Challenge/output/dev_data/news_scraping.py", line 34, in la_news_scrapper
    browser.open_available_browser('https://www.latimes.com/')
  File "/home/yuri/.robocorp/holotree/3b9a35a_b1f3c24_691db988/lib/python3.10/site-packages/RPA/Browser/common.py", line 36, in wrapper
    return super_func(*args, headless=headless, **kwargs)
  File "/home/yuri/.robocorp/holotree/3b9a35a_b1f3c24_691db988/lib/python3.10/site-packages/RPA/Browser/Selenium.py", line 585, in open_available_browser
    self.go_to(url)
  File "/home/yuri/.robocorp/holotree/3b9a35a_b1f3c24_691db988/lib/python3.10/site-packages/RPA/Browser/Selenium.py", line 130, in go_to
    super().go_to(url)
  File "/home/yuri/.robocorp/holotree/3b9a35a_b1f3c24_691db988/lib/python3.10/site-packages/SeleniumLibrary/keywords/browsermanagement.py", line 521, in go_to
    self.driver.get(url)
  File "/home/yuri/.robocorp/holotree/3b9a35a_b1f3c24_691db988/lib/python3.10/site-packages/selenium/webdriver/remote/webdriver.py", line 356, in get
    self.execute(Command.GET, {"url": url})
  File "/home/yuri/.robocorp/holotree/3b9a35a_b1f3c24_691db988/lib/python3.10/site-packages/selenium/webdriver/remote/webdriver.py", line 347, in execute
    self.error_handler.check_response(response)
  File "/home/yuri/.robocorp/holotree/3b9a35a_b1f3c24_691db988/lib/python3.10/site-packages/selenium/webdriver/remote/errorhandler.py", line 229, in check_response
    raise exception_class(message, screen, stacktrace)
selenium.common.exceptions.WebDriverException: Message: unknown error: cannot determine loading status
from target frame detached
  (Session info: chrome=127.0.6533.99)
Stacktrace:
#0 0x55fd09ae36aa <unknown>
#1 0x55fd097b4441 <unknown>
#2 0x55fd0979c202 <unknown>
#3 0x55fd0979a56c <unknown>
#4 0x55fd0979aa5f <unknown>
#5 0x55fd097aaaa5 <unknown>
#6 0x55fd097c0964 <unknown>
#7 0x55fd097c5ffb <unknown>
#8 0x55fd0979b16e <unknown>
#9 0x55fd097c04b1 <unknown>
#10 0x55fd098452b3 <unknown>
#11 0x55fd09826643 <unknown>
#12 0x55fd097f6d31 <unknown>
#13 0x55fd097f779e <unknown>
#14 0x55fd09aab23b <unknown>
#15 0x55fd09aaf1d2 <unknown>
#16 0x55fd09a985f5 <unknown>
#17 0x55fd09aafd62 <unknown>
#18 0x55fd09a7d23f <unknown>
#19 0x55fd09ad2e48 <unknown>
#20 0x55fd09ad3020 <unknown>
#21 0x55fd09ae247c <unknown>
#22 0x7f0f8f36fac3 <unknown>


[0m================================================================================
Robocorp Log (html): /home/yuri/Área de Trabalho/Thoughtful_RPA_Coding_Challenge/Thoughtful_RPA_Coding_Challenge/output/log.html
